<?xml version="1.0" encoding="UTF-8"?>
<!-- Generated by org.testng.reporters.JUnitReportReporter -->
<testsuite hostname="LAPTOP-6GO6UK4N" failures="0" tests="2" name="com.qa.test.TestClass01" time="15.832" errors="0" timestamp="2024-08-27T13:23:19 IST" skipped="0">
  <testcase classname="com.qa.test.TestClass01" name="Test01" time="7.154"/>
  <system-out/>
  <testcase classname="com.qa.test.TestClass01" name="Test02" time="8.678"/>
  <system-out/>
</testsuite> <!-- com.qa.test.TestClass01 -->
