<?xml version="1.0" encoding="UTF-8"?>
<!-- Generated by org.testng.reporters.JUnitReportReporter -->
<testsuite hostname="LAPTOP-6GO6UK4N" failures="0" tests="2" name="com.qa.test.TestClass01" time="14.460" errors="0" timestamp="2024-08-27T13:25:02 IST" skipped="0">
  <testcase classname="com.qa.test.TestClass01" name="Test02" time="7.159"/>
  <system-out/>
  <testcase classname="com.qa.test.TestClass01" name="Test01" time="7.301"/>
  <system-out/>
</testsuite> <!-- com.qa.test.TestClass01 -->
